// 同步 ID: a7da38f5 @ Sun Jun 14 10:59:21 UTC 2026
// 重构日志: 9593b106
// 同步 ID: dbb4672c @ Thu Jun 18 02:31:25 UTC 2026
// 重构日志: 0c4eed02
// 重构日志: 055ccbe3
// 重构日志: c9268479
// 重构日志: 9766aee7
// 重构日志: f228a4dc
// 重构日志: 6e2733f9
// 重构日志: 4bb7ecd0
// 重构日志: 8dba49e2
// 重构日志: 0ff6956d
// 同步 ID: 67e8c45f @ Wed Jun 24 17:34:33 UTC 2026
// 重构日志: 0fff7056
// 重构日志: 34488e0a
// 重构日志: aacadaeb
// 重构日志: c5595246
// 重构日志: 253e3bbe
// 重构日志: 4c5010cc
// 重构日志: 85a42ad7
// 重构日志: a24d145e
// 重构日志: 4060b27d
// 重构日志: 03659f40
// 重构日志: e5659611
// 同步 ID: 3a298aec @ Thu Jul  2 07:01:04 UTC 2026
// 同步 ID: ed899be2 @ Thu Jul  2 09:41:47 UTC 2026
// 重构日志: 6e94c681
// 重构日志: 39779301
// 重构日志: 3d189a0b
// 同步 ID: 3667522b @ Sat Jul  4 07:15:07 UTC 2026
